<?xml version="1.0" encoding="UTF-8"?>
<!-- Generated by org.testng.reporters.JUnitXMLReporter -->
<testsuite hostname="DESKTOP-KAJPUB8" ignored="4" name="Test" tests="2" failures="0" timestamp="2026-04-19T13:48:23 IST" time="0.035" errors="0">
  <testcase name="case1" time="0.003" classname="Demo.SampleTest"/>
  <testcase name="case4" time="0.0" classname="Sample.DemoTest"/>
  <testcase name="case5" time="0.0" classname="Sample.DemoTest">
    <ignored/>
  </testcase> <!-- case5 -->
  <testcase name="case6" time="0.0" classname="Sample.DemoTest">
    <ignored/>
  </testcase> <!-- case6 -->
  <testcase name="case3" time="0.0" classname="Demo.SampleTest">
    <ignored/>
  </testcase> <!-- case3 -->
  <testcase name="case2" time="0.0" classname="Demo.SampleTest">
    <ignored/>
  </testcase> <!-- case2 -->
</testsuite> <!-- Test -->
